root : INFO : 2021-05-26 20:15:18,066 : generating Ui widgets ...
root : INFO : 2021-05-26 20:15:23,294 : Ui has been generated
root : INFO : 2021-05-26 20:15:26,524 : open new images dialog has been opened
root : ERROR : 2021-05-26 20:15:57,047 : the user has not choosed 2 images
root : INFO : 2021-05-26 20:15:58,599 : open new images dialog has been opened
root : INFO : 2021-05-26 20:16:11,011 : images has been loaded
PIL.PngImagePlugin : DEBUG : 2021-05-26 20:16:11,044 : STREAM b'IHDR' 16 13
PIL.PngImagePlugin : DEBUG : 2021-05-26 20:16:11,075 : STREAM b'tEXt' 41 57
PIL.PngImagePlugin : DEBUG : 2021-05-26 20:16:11,075 : STREAM b'pHYs' 110 9
PIL.PngImagePlugin : DEBUG : 2021-05-26 20:16:11,075 : STREAM b'IDAT' 131 1656
Mixer : INFO : 2021-05-26 20:16:11,297 : mixer object has been created
root : INFO : 2021-05-26 20:16:11,297 : mixer Object has been started
root : CRITICAL : 2021-05-26 20:16:15,280 : user inserted 2 images not having the same size
root : INFO : 2021-05-26 20:16:16,492 : open new images dialog has been opened
root : INFO : 2021-05-26 20:16:29,843 : images has been loaded
Mixer : INFO : 2021-05-26 20:16:30,124 : mixer object has been created
root : INFO : 2021-05-26 20:16:30,124 : mixer Object has been started
root : INFO : 2021-05-26 20:16:30,124 : images has the same size and has been prepared to show
root : INFO : 2021-05-26 20:16:30,124 : making initial mix
Mixer : INFO : 2021-05-26 20:16:30,390 : mixer object has been created
Mixer : INFO : 2021-05-26 20:16:30,402 : start mixing real with imaginary
Mixer : INFO : 2021-05-26 20:16:30,402 : component's Data has been loaded 
Mixer : INFO : 2021-05-26 20:16:30,402 : mixing data done ...
Mixer : INFO : 2021-05-26 20:16:30,402 : inverse the complex Data started ...
Mixer : INFO : 2021-05-26 20:16:30,517 : inverse operation done ...
Mixer : INFO : 2021-05-26 20:16:30,523 : retrieving the data ...
matplotlib.image : WARNING : 2021-05-26 20:16:30,773 : Clipping input data to the valid range for imshow with RGB data ([0..1] for floats or [0..255] for integers).
root : INFO : 2021-05-26 20:16:31,197 : initial mix Done ...
matplotlib.image : WARNING : 2021-05-26 20:16:31,340 : Clipping input data to the valid range for imshow with RGB data ([0..1] for floats or [0..255] for integers).
matplotlib.image : WARNING : 2021-05-26 20:16:31,871 : Clipping input data to the valid range for imshow with RGB data ([0..1] for floats or [0..255] for integers).
matplotlib.image : WARNING : 2021-05-26 20:16:49,807 : Clipping input data to the valid range for imshow with RGB data ([0..1] for floats or [0..255] for integers).
matplotlib.image : WARNING : 2021-05-26 20:16:55,569 : Clipping input data to the valid range for imshow with RGB data ([0..1] for floats or [0..255] for integers).
matplotlib.image : WARNING : 2021-05-26 20:17:03,990 : Clipping input data to the valid range for imshow with RGB data ([0..1] for floats or [0..255] for integers).
matplotlib.image : WARNING : 2021-05-26 20:17:08,295 : Clipping input data to the valid range for imshow with RGB data ([0..1] for floats or [0..255] for integers).
Mixer : INFO : 2021-05-26 20:17:17,294 : mixer object has been created
Mixer : INFO : 2021-05-26 20:17:17,294 : start mixing real with imaginary
Mixer : INFO : 2021-05-26 20:17:17,294 : component's Data has been loaded 
Mixer : INFO : 2021-05-26 20:17:17,339 : mixing data done ...
Mixer : INFO : 2021-05-26 20:17:17,341 : inverse the complex Data started ...
Mixer : INFO : 2021-05-26 20:17:17,458 : inverse operation done ...
Mixer : INFO : 2021-05-26 20:17:17,473 : retrieving the data ...
matplotlib.image : WARNING : 2021-05-26 20:17:17,489 : Clipping input data to the valid range for imshow with RGB data ([0..1] for floats or [0..255] for integers).
matplotlib.image : WARNING : 2021-05-26 20:17:24,792 : Clipping input data to the valid range for imshow with RGB data ([0..1] for floats or [0..255] for integers).
matplotlib.image : WARNING : 2021-05-26 20:17:35,553 : Clipping input data to the valid range for imshow with RGB data ([0..1] for floats or [0..255] for integers).
matplotlib.image : WARNING : 2021-05-26 20:17:41,287 : Clipping input data to the valid range for imshow with RGB data ([0..1] for floats or [0..255] for integers).
matplotlib.image : WARNING : 2021-05-26 20:17:52,069 : Clipping input data to the valid range for imshow with RGB data ([0..1] for floats or [0..255] for integers).
Mixer : INFO : 2021-05-26 20:18:04,373 : mixer object has been created
Mixer : INFO : 2021-05-26 20:18:04,373 : start mixing magnitude with phase
Mixer : INFO : 2021-05-26 20:18:04,373 : component's Data has been loaded 
Mixer : INFO : 2021-05-26 20:18:04,373 : mixing data done ...
Mixer : INFO : 2021-05-26 20:18:04,373 : inverse the complex Data started ...
Mixer : INFO : 2021-05-26 20:18:04,643 : inverse operation done ...
Mixer : INFO : 2021-05-26 20:18:04,736 : retrieving the data ...
matplotlib.image : WARNING : 2021-05-26 20:18:04,821 : Clipping input data to the valid range for imshow with RGB data ([0..1] for floats or [0..255] for integers).
Mixer : INFO : 2021-05-26 20:18:08,234 : mixer object has been created
Mixer : INFO : 2021-05-26 20:18:08,234 : start mixing magnitude with phase
Mixer : INFO : 2021-05-26 20:18:08,234 : component's Data has been loaded 
Mixer : INFO : 2021-05-26 20:18:08,245 : mixing data done ...
Mixer : INFO : 2021-05-26 20:18:08,246 : inverse the complex Data started ...
Mixer : INFO : 2021-05-26 20:18:08,426 : inverse operation done ...
Mixer : INFO : 2021-05-26 20:18:08,426 : retrieving the data ...
matplotlib.image : WARNING : 2021-05-26 20:18:08,442 : Clipping input data to the valid range for imshow with RGB data ([0..1] for floats or [0..255] for integers).
Mixer : INFO : 2021-05-26 20:18:16,087 : mixer object has been created
Mixer : INFO : 2021-05-26 20:18:16,087 : start mixing magnitude with phase
Mixer : INFO : 2021-05-26 20:18:16,087 : component's Data has been loaded 
Mixer : INFO : 2021-05-26 20:18:16,087 : mixing data done ...
Mixer : INFO : 2021-05-26 20:18:16,087 : inverse the complex Data started ...
Mixer : INFO : 2021-05-26 20:18:16,263 : inverse operation done ...
Mixer : INFO : 2021-05-26 20:18:16,279 : retrieving the data ...
Mixer : INFO : 2021-05-26 20:18:33,887 : mixer object has been created
Mixer : INFO : 2021-05-26 20:18:33,887 : start mixing magnitude with phase
Mixer : INFO : 2021-05-26 20:18:33,887 : component's Data has been loaded 
Mixer : INFO : 2021-05-26 20:18:33,895 : mixing data done ...
Mixer : INFO : 2021-05-26 20:18:33,896 : inverse the complex Data started ...
Mixer : INFO : 2021-05-26 20:18:34,099 : inverse operation done ...
Mixer : INFO : 2021-05-26 20:18:34,115 : retrieving the data ...
matplotlib.image : WARNING : 2021-05-26 20:18:34,115 : Clipping input data to the valid range for imshow with RGB data ([0..1] for floats or [0..255] for integers).
Mixer : INFO : 2021-05-26 20:18:56,981 : mixer object has been created
Mixer : INFO : 2021-05-26 20:18:56,981 : start mixing magnitude with phase
Mixer : INFO : 2021-05-26 20:18:56,981 : component's Data has been loaded 
Mixer : INFO : 2021-05-26 20:18:56,981 : mixing data done ...
Mixer : INFO : 2021-05-26 20:18:56,981 : inverse the complex Data started ...
Mixer : INFO : 2021-05-26 20:18:57,164 : inverse operation done ...
Mixer : INFO : 2021-05-26 20:18:57,179 : retrieving the data ...
Mixer : INFO : 2021-05-26 20:19:13,125 : mixer object has been created
Mixer : INFO : 2021-05-26 20:19:13,125 : start mixing magnitude with phase
Mixer : INFO : 2021-05-26 20:19:13,125 : component's Data has been loaded 
Mixer : INFO : 2021-05-26 20:19:13,143 : mixing data done ...
Mixer : INFO : 2021-05-26 20:19:13,144 : inverse the complex Data started ...
Mixer : INFO : 2021-05-26 20:19:13,537 : inverse operation done ...
Mixer : INFO : 2021-05-26 20:19:13,553 : retrieving the data ...
matplotlib.image : WARNING : 2021-05-26 20:19:13,569 : Clipping input data to the valid range for imshow with RGB data ([0..1] for floats or [0..255] for integers).
Mixer : INFO : 2021-05-26 20:19:29,241 : mixer object has been created
Mixer : INFO : 2021-05-26 20:19:29,241 : start mixing magnitude with phase
Mixer : INFO : 2021-05-26 20:19:29,241 : component's Data has been loaded 
Mixer : INFO : 2021-05-26 20:19:29,266 : mixing data done ...
Mixer : INFO : 2021-05-26 20:19:29,268 : inverse the complex Data started ...
Mixer : INFO : 2021-05-26 20:19:29,479 : inverse operation done ...
Mixer : INFO : 2021-05-26 20:19:29,511 : retrieving the data ...
matplotlib.image : WARNING : 2021-05-26 20:19:29,589 : Clipping input data to the valid range for imshow with RGB data ([0..1] for floats or [0..255] for integers).
Mixer : INFO : 2021-05-26 20:19:54,554 : mixer object has been created
Mixer : INFO : 2021-05-26 20:19:54,554 : start mixing magnitude with phase
Mixer : INFO : 2021-05-26 20:19:54,554 : component's Data has been loaded 
Mixer : INFO : 2021-05-26 20:19:54,554 : mixing data done ...
Mixer : INFO : 2021-05-26 20:19:54,554 : inverse the complex Data started ...
Mixer : INFO : 2021-05-26 20:19:54,747 : inverse operation done ...
Mixer : INFO : 2021-05-26 20:19:54,762 : retrieving the data ...
matplotlib.image : WARNING : 2021-05-26 20:19:54,778 : Clipping input data to the valid range for imshow with RGB data ([0..1] for floats or [0..255] for integers).
Mixer : INFO : 2021-05-26 20:20:08,525 : mixer object has been created
Mixer : INFO : 2021-05-26 20:20:08,525 : start mixing magnitude with phase
Mixer : INFO : 2021-05-26 20:20:08,525 : component's Data has been loaded 
Mixer : INFO : 2021-05-26 20:20:08,525 : mixing data done ...
Mixer : INFO : 2021-05-26 20:20:08,525 : inverse the complex Data started ...
Mixer : INFO : 2021-05-26 20:20:08,715 : inverse operation done ...
Mixer : INFO : 2021-05-26 20:20:08,731 : retrieving the data ...
matplotlib.image : WARNING : 2021-05-26 20:20:08,731 : Clipping input data to the valid range for imshow with RGB data ([0..1] for floats or [0..255] for integers).
Mixer : INFO : 2021-05-26 20:20:23,156 : mixer object has been created
Mixer : INFO : 2021-05-26 20:20:23,171 : start mixing magnitude with phase
Mixer : INFO : 2021-05-26 20:20:23,171 : component's Data has been loaded 
Mixer : INFO : 2021-05-26 20:20:23,171 : mixing data done ...
Mixer : INFO : 2021-05-26 20:20:23,171 : inverse the complex Data started ...
Mixer : INFO : 2021-05-26 20:20:23,355 : inverse operation done ...
Mixer : INFO : 2021-05-26 20:20:23,355 : retrieving the data ...
matplotlib.image : WARNING : 2021-05-26 20:20:23,371 : Clipping input data to the valid range for imshow with RGB data ([0..1] for floats or [0..255] for integers).
